p/banana_1.jpg 1 0 0 320 320
p/banana_10.jpg 1 0 0 320 320
p/banana_11.jpg 1 0 0 320 320
p/banana_12.jpg 1 0 0 320 320
p/banana_13.jpg 1 0 0 320 320
p/banana_14.jpg 1 0 0 320 320
p/banana_16.jpg 1 0 0 320 320
p/banana_17.jpg 1 0 0 320 320
p/banana_2.jpg 1 0 0 320 320
p/banana_20.jpg 1 0 0 320 320
p/banana_21.jpg 1 0 0 320 320
p/banana_22.jpg 1 0 0 320 320
p/banana_23.jpg 1 0 0 320 320
p/banana_24.jpg 1 0 0 320 320
p/banana_25.jpg 1 0 0 320 320
p/banana_26.jpg 1 0 0 320 320
p/banana_27.jpg 1 0 0 320 320
p/banana_28.jpg 1 0 0 320 320
p/banana_29.jpg 1 0 0 320 320
p/banana_3.jpg 1 0 0 320 320
p/banana_30.jpg 1 0 0 320 320
p/banana_31.jpg 1 0 0 320 320
p/banana_32.jpg 1 0 0 320 320
p/banana_33.jpg 1 0 0 320 320
p/banana_34.jpg 1 0 0 320 320
p/banana_35.jpg 1 0 0 320 320
p/banana_36.jpg 1 0 0 320 320
p/banana_37.jpg 1 0 0 320 320
p/banana_38.jpg 1 0 0 320 320
p/banana_39.jpg 1 0 0 320 320
p/banana_4.jpg 1 0 0 320 320
p/banana_40.jpg 1 0 0 320 320
p/banana_41.jpg 1 0 0 320 320
p/banana_42.jpg 1 0 0 320 320
p/banana_43.jpg 1 0 0 320 320
p/banana_44.jpg 1 0 0 320 320
p/banana_45.jpg 1 0 0 320 320
p/banana_46.jpg 1 0 0 320 320
p/banana_47.jpg 1 0 0 320 320
p/banana_48.jpg 1 0 0 320 320
p/banana_49.jpg 1 0 0 320 320
p/banana_5.jpg 1 0 0 320 320
p/banana_50.jpg 1 0 0 320 320
p/banana_51.jpg 1 0 0 320 320
p/banana_52.jpg 1 0 0 320 320
p/banana_53.jpg 1 0 0 320 320
p/banana_54.jpg 1 0 0 320 320
p/banana_55.jpg 1 0 0 320 320
p/banana_56.jpg 1 0 0 320 320
p/banana_57.jpg 1 0 0 320 320
p/banana_58.jpg 1 0 0 320 320
p/banana_59.jpg 1 0 0 320 320
p/banana_6.jpg 1 0 0 320 320
p/banana_60.jpg 1 0 0 320 320
p/banana_61.jpg 1 0 0 320 320
p/banana_62.jpg 1 0 0 320 320
p/banana_63.jpg 1 0 0 320 320
p/banana_64.jpg 1 0 0 320 320
p/banana_65.jpg 1 0 0 320 320
p/banana_66.jpg 1 0 0 320 320
p/banana_67.jpg 1 0 0 320 320
p/banana_68.jpg 1 0 0 320 320
p/banana_69.jpg 1 0 0 320 320
p/banana_7.jpg 1 0 0 320 320
p/banana_70.jpg 1 0 0 320 320
p/banana_71.jpg 1 0 0 320 320
p/banana_72.jpg 1 0 0 320 320
p/banana_73.jpg 1 0 0 320 320
p/banana_74.jpg 1 0 0 320 320
p/banana_75.jpg 1 0 0 320 320
p/banana_76.jpg 1 0 0 320 320
p/banana_8.jpg 1 0 0 320 320
p/banana_9.jpg 1 0 0 320 320