p/apple_1.jpg 1 0 0 320 320
p/apple_10.jpg 1 0 0 320 320
p/apple_11.jpg 1 0 0 320 320
p/apple_12.jpg 1 0 0 320 320
p/apple_13.jpg 1 0 0 320 320
p/apple_14.jpg 1 0 0 320 320
p/apple_15.jpg 1 0 0 320 320
p/apple_16.jpg 1 0 0 320 320
p/apple_17.jpg 1 0 0 320 320
p/apple_18.jpg 1 0 0 320 320
p/apple_19.jpg 1 0 0 320 320
p/apple_2.jpg 1 0 0 320 320
p/apple_20.jpg 1 0 0 320 320
p/apple_21.jpg 1 0 0 320 320
p/apple_22.jpg 1 0 0 320 320
p/apple_23.jpg 1 0 0 320 320
p/apple_24.jpg 1 0 0 320 320
p/apple_25.jpg 1 0 0 320 320
p/apple_26.jpg 1 0 0 320 320
p/apple_27.jpg 1 0 0 320 320
p/apple_28.jpg 1 0 0 320 320
p/apple_29.jpg 1 0 0 320 320
p/apple_3.jpg 1 0 0 320 320
p/apple_30.jpg 1 0 0 320 320
p/apple_31.jpg 1 0 0 320 320
p/apple_32.jpg 1 0 0 320 320
p/apple_33.jpg 1 0 0 320 320
p/apple_35.jpg 1 0 0 320 320
p/apple_36.jpg 1 0 0 320 320
p/apple_37.jpg 1 0 0 320 320
p/apple_38.jpg 1 0 0 320 320
p/apple_39.jpg 1 0 0 320 320
p/apple_4.jpg 1 0 0 320 320
p/apple_40.jpg 1 0 0 320 320
p/apple_41.jpg 1 0 0 320 320
p/apple_42.jpg 1 0 0 320 320
p/apple_43.jpg 1 0 0 320 320
p/apple_44.jpg 1 0 0 320 320
p/apple_45.jpg 1 0 0 320 320
p/apple_46.jpg 1 0 0 320 320
p/apple_47.jpg 1 0 0 320 320
p/apple_48.jpg 1 0 0 320 320
p/apple_49.jpg 1 0 0 320 320
p/apple_5.jpg 1 0 0 320 320
p/apple_50.jpg 1 0 0 320 320
p/apple_51.jpg 1 0 0 320 320
p/apple_52.jpg 1 0 0 320 320
p/apple_53.jpg 1 0 0 320 320
p/apple_54.jpg 1 0 0 320 320
p/apple_55.jpg 1 0 0 320 320
p/apple_56.jpg 1 0 0 320 320
p/apple_57.jpg 1 0 0 320 320
p/apple_58.jpg 1 0 0 320 320
p/apple_59.jpg 1 0 0 320 320
p/apple_6.jpg 1 0 0 320 320
p/apple_60.jpg 1 0 0 320 320
p/apple_61.jpg 1 0 0 320 320
p/apple_62.jpg 1 0 0 320 320
p/apple_63.jpg 1 0 0 320 320
p/apple_64.jpg 1 0 0 320 320
p/apple_65.jpg 1 0 0 320 320
p/apple_66.jpg 1 0 0 320 320
p/apple_67.jpg 1 0 0 320 320
p/apple_68.jpg 1 0 0 320 320
p/apple_69.jpg 1 0 0 320 320
p/apple_7.jpg 1 0 0 320 320
p/apple_70.jpg 1 0 0 320 320
p/apple_71.jpg 1 0 0 320 320
p/apple_72.jpg 1 0 0 320 320
p/apple_73.jpg 1 0 0 320 320
p/apple_74.jpg 1 0 0 320 320
p/apple_75.jpg 1 0 0 320 320
p/apple_76.jpg 1 0 0 320 320
p/apple_8.jpg 1 0 0 320 320
p/apple_9.jpg 1 0 0 320 320