p/61CalC-EpgL._AC_UY218_.jpg 1 0 0 273 218
p/81SzRCWKh2L._AC_SL1500_.jpg 1 0 0 1358 1500
p/s-l300.jpg 1 0 0 300 239
p/1637681204949.png 1 0 0 592 444
p/1637681204950.png 1 0 0 700 799
p/1637681204955.jpg 1 0 0 1632 1224
p/1637681204960.jpg 1 0 0 1632 1224
p/1637681204926.jpg 1 0 0 1600 1600
p/1637681204928.jpg 1 0 0 500 500
p/1637681204959.jpg 1 0 0 2560 2560
p/1637681204964.jpg 1 0 0 500 500
p/1637681204927.jpg 1 0 0 1500 1500
p/1637681204958.jpg 1 0 0 2560 2560
p/1637681204938.jpg 1 0 0 1054 675
p/1637681204953.jpg 1 0 0 768 549
p/1637681204962.jpg 1 0 0 400 400
p/1637681204968.png 1 0 0 500 500
p/1637681204952.jpg 1 0 0 800 800
p/1637681204954.jpg 1 0 0 700 700
p/1637681204967.jpg 1 0 0 1344 960
p/1637681204940.jpg 1 0 0 800 400
p/1637681204957.jpg 1 0 0 2560 2560
p/1637681204965.jpg 1 0 0 250 265
p/1637681204946.jpg 1 0 0 1092 820
p/1637681204947.jpg 1 0 0 800 800
p/1637681204941.png 1 0 0 1200 1200
p/1637681204925.jpg 1 0 0 1886 1876
p/1637681204966.jpg 1 0 0 415 276
p/1637681204944.jpg 1 0 0 1280 853
p/1637681204948.jpg 1 0 0 630 361
p/1637681204945.jpg 1 0 0 768 512
p/1637681204932.png 1 0 0 500 500
p/1637681204939.jpg 1 0 0 455 534
p/1637681204934.png 1 0 0 500 500
p/1637681204931.jpg 1 0 0 618 569
p/1637681204941.jpg 1 0 0 758 427
p/1637681204943.jpg 1 0 0 640 360
p/1636732296966.jpg 1 0 0 1000 1000
p/1636732296948.png 1 0 0 1200 1200
p/1637681204942.png 1 0 0 1200 1200
p/1636732296945.jpg 1 0 0 900 900
p/1637681204937.jpg 1 0 0 900 900
p/1636732296943.jpg 1 0 0 2048 1536
p/1637681204935.jpg 1 0 0 2048 1536
p/1637681204936.jpg 1 0 0 2560 2042
p/1637681204968.jpg 1 0 0 1500 1000
p/1636732296968.jpg 1 0 0 1343 1500
p/1637681204956.jpg 1 0 0 1343 1500
p/1636732296939.jpg 1 0 0 425 332
p/1637681204930.jpg 1 0 0 425 332
p/1636732296938.jpg 1 0 0 385 351
p/1637681204929.jpg 1 0 0 385 351
p/1637681204951.jpg 1 0 0 500 500
p/1636732296971.jpg 1 0 0 466 500
p/1637681204961.jpg 1 0 0 466 500
p/1636732296973.jpg 1 0 0 500 424
p/1637681204963.jpg 1 0 0 500 424
p/1636732296952.jpg 1 0 0 582 290
p/1636732296968.png 1 0 0 1000 1000
p/1636732296976.jpg 1 0 0 416 278
p/1636732296949.png 1 0 0 800 418
p/1636732296974.jpg 1 0 0 394 394
p/1636732296947.jpg 1 0 0 520 520
p/1636732296957.jpg 1 0 0 2000 1270
p/1636732296964.jpg 1 0 0 1024 683
p/1636732296972.jpg 1 0 0 1400 1400
p/1636732296940.jpg 1 0 0 800 800
p/1636732296947.png 1 0 0 1600 800
p/1636732296969.jpg 1 0 0 466 487
p/1636732296946.png 1 0 0 2592 2448
p/1636732296975.jpg 1 0 0 1280 640
p/1636732296952.png 1 0 0 360 360
p/1636732296977.jpg 1 0 0 1500 1000
p/1636732296953.jpg 1 0 0 640 360
p/1636732296942.jpg 1 0 0 300 250
p/1636732296954.jpg 1 0 0 380 380
p/1636732296935.jpg 1 0 0 1500 1000
p/1636732296951.jpg 1 0 0 1280 640
p/1636732296961.jpg 1 0 0 1200 674
p/1636732296963.jpg 1 0 0 768 576
p/1636732296950.jpg 1 0 0 2300 2080
p/1636732296944.jpg 1 0 0 2560 2042
p/1636732296941.jpg 1 0 0 300 250
p/1636732296955.jpg 1 0 0 380 380
p/1636732296970.jpg 1 0 0 466 488
p/1636732296965.jpg 1 0 0 500 500
p/1636732296958.jpg 1 0 0 1214 933
p/1636732296956.jpg 1 0 0 1500 1323
p/1636732296937.jpg 1 0 0 425 425